make: Entering directory `/Users/wanghongchen/Documents/git/gin'
echo "mode: count" > coverage.out
for d in github.com/gin-gonic/gin github.com/gin-gonic/gin/binding github.com/gin-gonic/gin/render; do \
		go test -tags "" -v -covermode=count -coverprofile=profile.out $d > tmp.out; \
		cat tmp.out; \
		if grep -q "^--- FAIL" tmp.out; then \
			rm tmp.out; \
			exit 1; \
		elif grep -q "build failed" tmp.out; then \
			rm tmp.out; \
			exit 1; \
		elif grep -q "setup failed" tmp.out; then \
			rm tmp.out; \
			exit 1; \
		fi; \
		if [ -f profile.out ]; then \
			cat profile.out | grep -v "mode:" >> coverage.out; \
			rm profile.out; \
		fi; \
	done
 
make: Leaving directory `/Users/wanghongchen/Documents/git/gin'
 
